<?xml version="1.0" encoding="UTF-8"?>
<!-- Generated by org.testng.reporters.JUnitReportReporter -->
<testsuite hostname="DESKTOP-AM2798Q" failures="0" tests="1" name="newwebsiteautomation.register.EmailVerificationAmzone" time="21.946" errors="0" timestamp="2025-10-03T11:43:37 IST" skipped="0">
  <testcase classname="newwebsiteautomation.register.EmailVerificationAmzone" name="mainEmail" time="21.946"/>
</testsuite> <!-- newwebsiteautomation.register.EmailVerificationAmzone -->
