<?xml version="1.0" encoding="UTF-8"?>
<!-- Generated by org.testng.reporters.JUnitReportReporter -->
<testsuite hostname="DESKTOP-AM2798Q" failures="0" tests="1" name="newwebsiteautomation.register.RegisterAccount" time="4.602" errors="0" timestamp="2025-09-30T15:09:00 IST" skipped="0">
  <testcase classname="newwebsiteautomation.register.RegisterAccount" name="RegisterPage" time="4.602"/>
</testsuite> <!-- newwebsiteautomation.register.RegisterAccount -->
