<?xml version="1.0" encoding="UTF-8"?>
<!-- Generated by org.testng.reporters.JUnitReportReporter -->
<testsuite hostname="DESKTOP-AM2798Q" failures="0" tests="1" name="newwebsiteautomation.register.VerificationForWithoutFillDetail" time="5.978" errors="0" timestamp="2025-10-03T13:28:41 IST" skipped="0">
  <testcase classname="newwebsiteautomation.register.VerificationForWithoutFillDetail" name="main" time="5.978"/>
</testsuite> <!-- newwebsiteautomation.register.VerificationForWithoutFillDetail -->
