<?xml version="1.0" encoding="UTF-8"?>
<!-- Generated by org.testng.reporters.JUnitReportReporter -->
<testsuite hostname="DESKTOP-AM2798Q" failures="0" tests="1" name="newwebsiteautomation.register.VerifyDifferentwaysToGoOnRegisterNow" time="10.053" errors="0" timestamp="2025-10-03T16:31:53 IST" skipped="0">
  <testcase classname="newwebsiteautomation.register.VerifyDifferentwaysToGoOnRegisterNow" name="main" time="10.053"/>
</testsuite> <!-- newwebsiteautomation.register.VerifyDifferentwaysToGoOnRegisterNow -->
